<?xml version="1.0" encoding="UTF-8"?>
<testng-results ignored="0" total="2" passed="2" failed="0" skipped="0">
  <reporter-output>
  </reporter-output>
  <suite started-at="2021-02-09T19:15:37 IST" name="Default suite" finished-at="2021-02-09T19:16:06 IST" duration-ms="28728">
    <groups>
    </groups>
    <test started-at="2021-02-09T19:15:37 IST" name="Default test" finished-at="2021-02-09T19:16:06 IST" duration-ms="28728">
      <class name="readfromexcel.WriteToExcel">
        <test-method is-config="true" signature="beforeClass()[pri:0, instance:readfromexcel.WriteToExcel@1e802ef9]" started-at="2021-02-09T19:15:37 IST" name="beforeClass" finished-at="2021-02-09T19:15:46 IST" duration-ms="9238" status="PASS">
          <reporter-output>
          </reporter-output>
        </test-method> <!-- beforeClass -->
        <test-method signature="test(java.lang.String, java.lang.String)[pri:0, instance:readfromexcel.WriteToExcel@1e802ef9]" started-at="2021-02-09T19:15:46 IST" name="test" data-provider="TestData" finished-at="2021-02-09T19:15:58 IST" duration-ms="11512" status="PASS">
          <params>
            <param index="0">
              <value>
                <![CDATA[Ben]]>
              </value>
            </param>
            <param index="1">
              <value>
                <![CDATA[Bengaluru, India]]>
              </value>
            </param>
          </params>
          <reporter-output>
          </reporter-output>
        </test-method> <!-- test -->
        <test-method is-config="true" signature="afterMethod(org.testng.ITestResult)[pri:0, instance:readfromexcel.WriteToExcel@1e802ef9]" started-at="2021-02-09T19:15:58 IST" name="afterMethod" finished-at="2021-02-09T19:15:58 IST" duration-ms="21" status="PASS">
          <params>
            <param index="0">
              <value>
                <![CDATA[[TestResult name=test status=SUCCESS method=WriteToExcel.test(java.lang.String, java.lang.String)[pri:0, instance:readfromexcel.WriteToExcel@1e802ef9] output={null}]]]>
              </value>
            </param>
          </params>
          <reporter-output>
          </reporter-output>
        </test-method> <!-- afterMethod -->
        <test-method signature="test(java.lang.String, java.lang.String)[pri:0, instance:readfromexcel.WriteToExcel@1e802ef9]" started-at="2021-02-09T19:15:58 IST" name="test" data-provider="TestData" finished-at="2021-02-09T19:16:05 IST" duration-ms="7209" status="PASS">
          <params>
            <param index="0">
              <value>
                <![CDATA[Del]]>
              </value>
            </param>
            <param index="1">
              <value>
                <![CDATA[Delhi,India]]>
              </value>
            </param>
          </params>
          <reporter-output>
          </reporter-output>
        </test-method> <!-- test -->
        <test-method is-config="true" signature="afterMethod(org.testng.ITestResult)[pri:0, instance:readfromexcel.WriteToExcel@1e802ef9]" started-at="2021-02-09T19:16:05 IST" name="afterMethod" finished-at="2021-02-09T19:16:05 IST" duration-ms="14" status="PASS">
          <params>
            <param index="0">
              <value>
                <![CDATA[[TestResult name=test status=SUCCESS method=WriteToExcel.test(java.lang.String, java.lang.String)[pri:0, instance:readfromexcel.WriteToExcel@1e802ef9] output={null}]]]>
              </value>
            </param>
          </params>
          <reporter-output>
          </reporter-output>
        </test-method> <!-- afterMethod -->
        <test-method is-config="true" signature="afterClass()[pri:0, instance:readfromexcel.WriteToExcel@1e802ef9]" started-at="2021-02-09T19:16:05 IST" name="afterClass" finished-at="2021-02-09T19:16:06 IST" duration-ms="681" status="PASS">
          <reporter-output>
          </reporter-output>
        </test-method> <!-- afterClass -->
      </class> <!-- readfromexcel.WriteToExcel -->
    </test> <!-- Default test -->
  </suite> <!-- Default suite -->
</testng-results>
