<?xml version="1.0" encoding="UTF-8"?>
<!-- Generated by org.testng.reporters.JUnitXMLReporter -->
<testsuite ignored="2" hostname="LAPTOP-M644PBGN" failures="0" tests="2" name="GroupsDemo" time="0.032" errors="0" timestamp="2020-12-29T19:34:18 IST">
  <testcase classname="testclasses.TestNG_Groups" name="testAudiA6" time="0.005"/>
  <testcase classname="testclasses.TestNG_Groups" name="testBMWX6" time="0.001"/>
  <testcase classname="testclasses.TestNG_Groups" name="testNinja" time="0.0">
    <ignored/>
  </testcase> <!-- testNinja -->
  <testcase classname="testclasses.TestNG_Groups" name="testHondaCBR" time="0.0">
    <ignored/>
  </testcase> <!-- testHondaCBR -->
</testsuite> <!-- GroupsDemo -->
