<?xml version="1.0" encoding="UTF-8"?>
<!-- Generated by org.testng.reporters.JUnitXMLReporter -->
<testsuite ignored="0" hostname="LAPTOP-M644PBGN" failures="1" tests="2" name="Application Test" time="0.012" errors="0" timestamp="2021-02-03T20:56:54 IST">
  <testcase classname="testclasses.TestNG_Listener1" name="testMethod1" time="0.004"/>
  <testcase classname="testclasses.TestNG_Listener1" name="testMethod2" time="0.001">
    <failure type="java.lang.AssertionError">
      <![CDATA[java.lang.AssertionError
at org.junit.Assert.fail(Assert.java:86)
at org.junit.Assert.assertTrue(Assert.java:41)
at org.junit.Assert.assertTrue(Assert.java:52)
at testclasses.TestNG_Listener1.testMethod2(TestNG_Listener1.java:41)
at java.base/java.util.ArrayList.forEach(ArrayList.java:1510)
... Removed 28 stack frames]]>
    </failure>
  </testcase> <!-- testMethod2 -->
</testsuite> <!-- Application Test -->
